This is pdfTeX, Version 3.141592653-2.6-1.40.22 (TeX Live 2022/dev/Debian) (preloaded format=pdflatex 2024.1.2)  11 JAN 2024 16:12
entering extended mode
 restricted \write18 enabled.
 file:line:error style messages enabled.
 %&-line parsing enabled.
**"/home/wilmarsepulveda/Desktop/JV's Resume Template/main.tex"
(/home/wilmarsepulveda/Desktop/JV's Resume Template/main.tex
LaTeX2e <2021-11-15> patch level 1
L3 programming layer <2022-01-21> (/usr/share/texlive/texmf-dist/tex/latex/base/article.cls
Document Class: article 2021/10/04 v1.4n Standard LaTeX document class
(/usr/share/texlive/texmf-dist/tex/latex/base/size11.clo
File: size11.clo 2021/10/04 v1.4n Standard LaTeX file (size option)
)
\c@part=\count185
\c@section=\count186
\c@subsection=\count187
\c@subsubsection=\count188
\c@paragraph=\count189
\c@subparagraph=\count190
\c@figure=\count191
\c@table=\count192
\abovecaptionskip=\skip47
\belowcaptionskip=\skip48
\bibindent=\dimen138
) (./particulars.tex (./utilities.tex (/usr/share/texlive/texmf-dist/tex/latex/forarray/forarray.sty
Package: forarray 2008/06/20 Version 1.01 -- Using array structures in LaTeX
\fe@toks=\toks16
\fe@level=\count193
\fe@cnt@i=\count194
\fe@cnt@ii=\count195
\thislevelcount=\count196
\thislevelnr=\count197
)) (/usr/share/texlive/texmf-dist/tex/latex/blindtext/blindtext.sty
Package: blindtext 2012/01/06 V2.0 blindtext-Package
 (/usr/share/texlive/texmf-dist/tex/latex/tools/xspace.sty
Package: xspace 2014/10/28 v1.13 Space after command names (DPC,MH)
)
\c@blindtext=\count198
\c@Blindtext=\count199
\c@blind@countparstart=\count266
\blind@countxx=\count267
\blindtext@numBlindtext=\count268
\blind@countyy=\count269
\c@blindlist=\count270
\c@blindlistlevel=\count271
\c@blindlist@level=\count272
\blind@listitem=\count273
\c@blind@listcount=\count274
\c@blind@levelcount=\count275
\blind@mathformula=\count276
\blind@Mathformula=\count277
\c@blind@randomcount=\count278
\c@blind@randommax=\count279
\c@blind@pangramcount=\count280
\c@blind@pangrammax=\count281
) (/usr/share/texlive/texmf-dist/tex/latex/lipsum/lipsum.sty (/usr/share/texlive/texmf-dist/tex/latex/l3packages/l3keys2e/l3keys2e.sty (/usr/share/texlive/texmf-dist/tex/latex/l3kernel/expl3.sty
Package: expl3 2022-01-21 L3 programming layer (loader) 
 (/usr/share/texlive/texmf-dist/tex/latex/l3backend/l3backend-pdftex.def
File: l3backend-pdftex.def 2022-01-12 L3 backend support: PDF output (pdfTeX)
\l__color_backend_stack_int=\count282
\l__pdf_internal_box=\box50
))
Package: l3keys2e 2022-01-12 LaTeX2e option processing using LaTeX3 keys
)
Package: lipsum 2021-09-20 v2.7 150 paragraphs of Lorem Ipsum dummy text
\g__lipsum_par_int=\count283
\l__lipsum_a_int=\count284
\l__lipsum_b_int=\count285
 (/usr/share/texlive/texmf-dist/tex/latex/lipsum/lipsum.ltd.tex))
\fe@count@abs@i=\count286

Content of \post@Start is set to {Agosto 2020}.
Content of \post@End is set to {Diciembre 2023}.
Content of \post@School is set to {Universidad del Valle}.
Content of \post@Course is set to {Magister en estadística}.
Content of \post@Stream is set to {4.7/5}.
Content of \pre@Start is set to {Enero 2011}.
Content of \pre@End is set to {Diciembre 2017}.
Content of \pre@School is set to {Universidad del Valle}.
Content of \pre@Course is set to {Estadístico}.
Content of \pre@Stream is set to {4/5}.
Content of \R52@Start is set to {Marzo 2022}.
Content of \R52@End is set to {Presente}.
Content of \R52@Designation is set to {Líder de Analítica Avanzada}.
Content of \R52@Company is set to {\href {https://www.grupor5.com/}{R5}}.
Content of \R52@Location is set to {Fintech}.
Content of \R52@Highlights is set to { \jbegin \jitem {Liderar un equipo 4 científicos de datos, trabajando en proyectos de Machine Learning, Analitica descriptiva y Mlops.} \jitem {Mediante Machine Learning y analitica descriptiva, logré mejorar el producto SOAT escogiendo inteligentemente los mejores riesgos y llegar a un LossRatio de 70\% vs un 120\% del mercado.} \jitem {Usando Aprendizaje no supervisado, logramos entender mejor a nuestros clientes y así mejorar la eficiencia en las cobranzas.} \jitem {Con el uso de metodologías de analitica avanzada, logramos escoger mejor a nuestros clientes de credito, reduciendo asi metricas como 30-ever y 60-ever.} \jend }.
Content of \R51@Start is set to {Nov 2023}.
Content of \R51@End is set to {Dic 2023}.
Content of \R51@Designation is set to {Senior Data Scientist}.
Content of \R51@Company is set to {\href {}{Alcaldíá de Santiago de Cali}}.
Content of \R51@Location is set to {Contratista}.
Content of \R51@Highlights is set to { \jbegin \jitem {Implementar modelos de Machine learning para predecir mortalidad fetal y no fetal.} \jitem {Construcción de un tablero de control para cacterizar la mortalidad infantil.} \jend }.
Content of \Excelcredit@Start is set to {Mayo 2021}.
Content of \Excelcredit@End is set to {Marzo 2022}.
Content of \Excelcredit@Designation is set to {Senior Data Scientist}.
Content of \Excelcredit@Company is set to {Excelcredit}.
Content of \Excelcredit@Location is set to {Fintech}.
Content of \Excelcredit@Highlights is set to { \jbegin \jitem {Solucionar problemas de negocio mediante analítica avanzada, tales como: Calculo de provisión, estimación de prepago, duración de clientes, Segmentación de clientes, riesgo LAFT.} \jend }.
Content of \BDO@Start is set to {Sept 2020}.
Content of \BDO@End is set to {Mayo 2021}.
Content of \BDO@Designation is set to {Data Scientist}.
Content of \BDO@Company is set to {Banco de Occidente}.
Content of \BDO@Location is set to {Banca tradicional}.
Content of \BDO@Highlights is set to { \jbegin \jitem {Encargado de construir modelos de machine learning para optimizar procesos y generar valor: Cobranza, normalización de cartera, daño en el flujo de caja de los clientes a raíz de la coyuntura del Covid 19.} \jend }.
Content of \UV@Start is set to {Abril 2019}.
Content of \UV@End is set to {Dic 2019}.
Content of \UV@Designation is set to {Data Analyst}.
Content of \UV@Company is set to {Universidad del valle}.
Content of \UV@Location is set to {Oficina de planeación}.
Content of \UV@Highlights is set to { \jbegin \jitem {Construcción de tableros de control para el análisis de las pruebas Saber-Pro, utilizando ShinyApps.} \jitem {Construcción de anuario estadístico 2018.} \jitem {Carga de diferentes indicadores de la universidad en el SNIES.} \jend }.
Content of \ulibre@Start is set to {Nov 2023}.
Content of \ulibre@End is set to {dic 2023}.
Content of \ulibre@Designation is set to {Docente}.
Content of \ulibre@Company is set to {Universidad Libre - Cali}.
Content of \ulibre@Location is set to {Doplomado Machine Learning}.
Content of \ulibre@Highlights is set to { \jbegin \jitem {Impartir el curso Estadística para Ciencia de Datos.} \jend }.
Content of \uvalle@Start is set to {Nov 2021}.
Content of \uvalle@End is set to {Feb 2022}.
Content of \uvalle@Designation is set to {Asistente de docencia}.
Content of \uvalle@Company is set to {Universidad del valle}.
Content of \uvalle@Location is set to {Facultad de Ingeniería}.
Content of \uvalle@Highlights is set to { \jbegin \jitem {Impartir el curso de Probabilidad y Estadística a estudiantes de Ingeniería de Sistemas.} \jitem {Impartir el curso de Fundamentos de Estadística a estudiantes de Ingenieríá Agrícola.} \jend }.
Content of \comfe@Start is set to {Febrero 2019}.
Content of \comfe@End is set to {Enero 2021}.
Content of \comfe@Designation is set to {Docente}.
Content of \comfe@Company is set to {Comfenalco - PEC}.
Content of \comfe@Location is set to {Tecnico laboral}.
Content of \comfe@Highlights is set to { \jbegin \jitem {Orientar a los afiliados a la caja de compensación pertenecientes a los programas técnicos laborales; auxiliar administrativo y auxiliar contable (matemáticas, procesar datos, trabajo de grado.)} \jend }.
Content of \HackCIMDGS@Date is set to {2019}.
Content of \HackCIMDGS@Title is set to {\lrand [1]}.
Content of \HackCIMDGS@Position is set to {\lrand [3]}.
Content of \HackCIMDGS@Highlights is set to {\jbegin \jitem {\lrand [27]} \jitem { \lrand [28]} \jend }.
Content of \HackWInfy@Date is set to {2019}.
Content of \HackWInfy@Title is set to {\lrand [1]}.
Content of \HackWInfy@Position is set to {\lrand [3]}.
Content of \HackWInfy@Highlights is set to {\jbegin \jitem {\lrand [27]} \jitem { \lrand [28]} \jitem { \lrand [30]} \jend }.
Content of \i3wm@Date is set to {}.
Content of \i3wm@Title is set to {\lrand [1]}.
Content of \i3wm@Position is set to {\lrand [2]}.
Content of \i3wm@Highlights is set to {\jbegin \item {\lrand [20]{}} \item {\lrand [30]} \item {\lrand [2]} \jend }.
Content of \scrapper@Date is set to {}.
Content of \scrapper@Title is set to {\href {https://github.com/Wilmar3752/meli_scrapper}{Web Scraping MELI}}.
Content of \scrapper@Position is set to {Realiza Web scraping de la lista de todos los productos publicados en Mercado Libre.}.
Content of \scrapper@Highlights is set to {\jbegin \jend }.
Content of \itseries@Date is set to {}.
Content of \itseries@Title is set to {\href {https://github.com/Wilmar3752/itseries}{irseries}}.
Content of \itseries@Position is set to {Un paquete de R para analizar procesos estocásticos irregularmente espaciados.}.
Content of \itseries@Highlights is set to {\jbegin \jend }.
Content of \cluster@Date is set to {}.
Content of \cluster@Title is set to {\href {https://github.com/Wilmar3752/cluster-app}{Cluster-APP}}.
Content of \cluster@Position is set to {En Este proyecto realizo una APP con Gradio y HuggingFace para clasificar clientes de tarjeta de crédito.}.
Content of \cluster@Highlights is set to {\jbegin \jend }.
) (/usr/share/texlive/texmf-dist/tex/latex/base/latexsym.sty
Package: latexsym 1998/08/17 v2.2e Standard LaTeX package (lasy symbols)
\symlasy=\mathgroup4
LaTeX Font Info:    Overwriting symbol font `lasy' in version `bold'
(Font)                  U/lasy/m/n --> U/lasy/b/n on input line 52.
) (/usr/share/texlive/texmf-dist/tex/latex/preprint/fullpage.sty
Package: fullpage 1999/02/23 1.1 (PWD)
\FP@margin=\skip49
) (/usr/share/texlive/texmf-dist/tex/latex/titlesec/titlesec.sty
Package: titlesec 2021/07/05 v2.14 Sectioning titles
\ttl@box=\box51
\beforetitleunit=\skip50
\aftertitleunit=\skip51
\ttl@plus=\dimen139
\ttl@minus=\dimen140
\ttl@toksa=\toks17
\titlewidth=\dimen141
\titlewidthlast=\dimen142
\titlewidthfirst=\dimen143
) (/usr/share/texlive/texmf-dist/tex/latex/marvosym/marvosym.sty
Package: marvosym 2011/07/20 v2.2 Martin Vogel's Symbols font definitions
) (/usr/share/texlive/texmf-dist/tex/latex/graphics/color.sty
Package: color 2021/12/07 v1.3c Standard LaTeX Color (DPC)
 (/usr/share/texlive/texmf-dist/tex/latex/graphics-cfg/color.cfg
File: color.cfg 2016/01/02 v1.6 sample color configuration
)
Package color Info: Driver file: pdftex.def on input line 149.
 (/usr/share/texlive/texmf-dist/tex/latex/graphics-def/pdftex.def
File: pdftex.def 2020/10/05 v1.2a Graphics/color driver for pdftex
) (/usr/share/texlive/texmf-dist/tex/latex/graphics/dvipsnam.def
File: dvipsnam.def 2016/06/17 v3.0m Driver-dependent file (DPC,SPQR)
)) (/usr/share/texlive/texmf-dist/tex/latex/tools/verbatim.sty
Package: verbatim 2020-07-07 v1.5u LaTeX2e package for verbatim enhancements
\every@verbatim=\toks18
\verbatim@line=\toks19
\verbatim@in@stream=\read2
) (/usr/share/texlive/texmf-dist/tex/latex/enumitem/enumitem.sty
Package: enumitem 2019/06/20 v3.9 Customized lists
\enitkv@toks@=\toks20
\labelindent=\skip52
\enit@outerparindent=\dimen144
\enit@toks=\toks21
\enit@inbox=\box52
\enit@count@id=\count287
\enitdp@description=\count288
) (/usr/share/texlive/texmf-dist/tex/latex/hyperref/hyperref.sty
Package: hyperref 2021-06-07 v7.00m Hypertext links for LaTeX
 (/usr/share/texlive/texmf-dist/tex/generic/ltxcmds/ltxcmds.sty
Package: ltxcmds 2020-05-10 v1.25 LaTeX kernel commands for general use (HO)
) (/usr/share/texlive/texmf-dist/tex/generic/iftex/iftex.sty
Package: iftex 2020/03/06 v1.0d TeX engine tests
) (/usr/share/texlive/texmf-dist/tex/generic/pdftexcmds/pdftexcmds.sty
Package: pdftexcmds 2020-06-27 v0.33 Utility functions of pdfTeX for LuaTeX (HO)
 (/usr/share/texlive/texmf-dist/tex/generic/infwarerr/infwarerr.sty
Package: infwarerr 2019/12/03 v1.5 Providing info/warning/error messages (HO)
)
Package pdftexcmds Info: \pdf@primitive is available.
Package pdftexcmds Info: \pdf@ifprimitive is available.
Package pdftexcmds Info: \pdfdraftmode found.
) (/usr/share/texlive/texmf-dist/tex/latex/graphics/keyval.sty
Package: keyval 2014/10/28 v1.15 key=value parser (DPC)
\KV@toks@=\toks22
) (/usr/share/texlive/texmf-dist/tex/generic/kvsetkeys/kvsetkeys.sty
Package: kvsetkeys 2019/12/15 v1.18 Key value parser (HO)
) (/usr/share/texlive/texmf-dist/tex/generic/kvdefinekeys/kvdefinekeys.sty
Package: kvdefinekeys 2019-12-19 v1.6 Define keys (HO)
) (/usr/share/texlive/texmf-dist/tex/generic/pdfescape/pdfescape.sty
Package: pdfescape 2019/12/09 v1.15 Implements pdfTeX's escape features (HO)
) (/usr/share/texlive/texmf-dist/tex/latex/hycolor/hycolor.sty
Package: hycolor 2020-01-27 v1.10 Color options for hyperref/bookmark (HO)
) (/usr/share/texlive/texmf-dist/tex/latex/letltxmacro/letltxmacro.sty
Package: letltxmacro 2019/12/03 v1.6 Let assignment for LaTeX macros (HO)
) (/usr/share/texlive/texmf-dist/tex/latex/auxhook/auxhook.sty
Package: auxhook 2019-12-17 v1.6 Hooks for auxiliary files (HO)
) (/usr/share/texlive/texmf-dist/tex/latex/kvoptions/kvoptions.sty
Package: kvoptions 2020-10-07 v3.14 Key value format for package options (HO)
)
\@linkdim=\dimen145
\Hy@linkcounter=\count289
\Hy@pagecounter=\count290
 (/usr/share/texlive/texmf-dist/tex/latex/hyperref/pd1enc.def
File: pd1enc.def 2021-06-07 v7.00m Hyperref: PDFDocEncoding definition (HO)
Now handling font encoding PD1 ...
... no UTF-8 mapping file for font encoding PD1
) (/usr/share/texlive/texmf-dist/tex/latex/hyperref/hyperref-langpatches.def
File: hyperref-langpatches.def 2021-06-07 v7.00m Hyperref: patches for babel languages
) (/usr/share/texlive/texmf-dist/tex/generic/intcalc/intcalc.sty
Package: intcalc 2019/12/15 v1.3 Expandable calculations with integers (HO)
) (/usr/share/texlive/texmf-dist/tex/generic/etexcmds/etexcmds.sty
Package: etexcmds 2019/12/15 v1.7 Avoid name clashes with e-TeX commands (HO)
)
\Hy@SavedSpaceFactor=\count291
 (/usr/share/texlive/texmf-dist/tex/latex/hyperref/puenc.def
File: puenc.def 2021-06-07 v7.00m Hyperref: PDF Unicode definition (HO)
Now handling font encoding PU ...
... no UTF-8 mapping file for font encoding PU
)
Package hyperref Info: Option `colorlinks' set `true' on input line 4073.
Package hyperref Info: Hyper figures OFF on input line 4192.
Package hyperref Info: Link nesting OFF on input line 4197.
Package hyperref Info: Hyper index ON on input line 4200.
Package hyperref Info: Plain pages OFF on input line 4207.
Package hyperref Info: Backreferencing OFF on input line 4212.
Package hyperref Info: Implicit mode ON; LaTeX internals redefined.
Package hyperref Info: Bookmarks ON on input line 4445.
\c@Hy@tempcnt=\count292
 (/usr/share/texlive/texmf-dist/tex/latex/url/url.sty
\Urlmuskip=\muskip16
Package: url 2013/09/16  ver 3.4  Verb mode for urls, etc.
)
LaTeX Info: Redefining \url on input line 4804.
\XeTeXLinkMargin=\dimen146
 (/usr/share/texlive/texmf-dist/tex/generic/bitset/bitset.sty
Package: bitset 2019/12/09 v1.3 Handle bit-vector datatype (HO)
 (/usr/share/texlive/texmf-dist/tex/generic/bigintcalc/bigintcalc.sty
Package: bigintcalc 2019/12/15 v1.5 Expandable calculations on big integers (HO)
))
\Fld@menulength=\count293
\Field@Width=\dimen147
\Fld@charsize=\dimen148
Package hyperref Info: Hyper figures OFF on input line 6076.
Package hyperref Info: Link nesting OFF on input line 6081.
Package hyperref Info: Hyper index ON on input line 6084.
Package hyperref Info: backreferencing OFF on input line 6091.
Package hyperref Info: Link coloring ON on input line 6094.
Package hyperref Info: Link coloring with OCG OFF on input line 6101.
Package hyperref Info: PDF/A mode OFF on input line 6106.
LaTeX Info: Redefining \ref on input line 6146.
LaTeX Info: Redefining \pageref on input line 6150.
 (/usr/share/texlive/texmf-dist/tex/latex/base/atbegshi-ltx.sty
Package: atbegshi-ltx 2021/01/10 v1.0c Emulation of the original atbegshi
package with kernel methods
)
\Hy@abspage=\count294
\c@Item=\count295
\c@Hfootnote=\count296
)
Package hyperref Info: Driver (autodetected): hpdftex.
 (/usr/share/texlive/texmf-dist/tex/latex/hyperref/hpdftex.def
File: hpdftex.def 2021-06-07 v7.00m Hyperref driver for pdfTeX
 (/usr/share/texlive/texmf-dist/tex/latex/base/atveryend-ltx.sty
Package: atveryend-ltx 2020/08/19 v1.0a Emulation of the original atveryend package
with kernel methods
)
\Fld@listcount=\count297
\c@bookmark@seq@number=\count298
 (/usr/share/texlive/texmf-dist/tex/latex/rerunfilecheck/rerunfilecheck.sty
Package: rerunfilecheck 2019/12/05 v1.9 Rerun checks for auxiliary files (HO)
 (/usr/share/texlive/texmf-dist/tex/generic/uniquecounter/uniquecounter.sty
Package: uniquecounter 2019/12/15 v1.4 Provide unlimited unique counter (HO)
)
Package uniquecounter Info: New unique counter `rerunfilecheck' on input line 286.
)
\Hy@SectionHShift=\skip53
) (/usr/share/texlive/texmf-dist/tex/latex/fancyhdr/fancyhdr.sty
Package: fancyhdr 2021/01/28 v4.0.1 Extensive control of page headers and footers
\f@nch@headwidth=\skip54
\f@nch@O@elh=\skip55
\f@nch@O@erh=\skip56
\f@nch@O@olh=\skip57
\f@nch@O@orh=\skip58
\f@nch@O@elf=\skip59
\f@nch@O@erf=\skip60
\f@nch@O@olf=\skip61
\f@nch@O@orf=\skip62
) (/usr/share/texlive/texmf-dist/tex/generic/babel/babel.sty
Package: babel 2022/01/26 3.70 The Babel package
\babel@savecnt=\count299
\U@D=\dimen149
\l@unhyphenated=\language87
 (/usr/share/texlive/texmf-dist/tex/generic/babel/txtbabel.def)
\bbl@readstream=\read3
\bbl@dirlevel=\count300
 (/usr/share/texlive/texmf-dist/tex/generic/babel-english/english.ldf
Language: english 2017/06/06 v3.3r English support from the babel system
Package babel Info: Hyphen rules for 'canadian' set to \l@english
(babel)             (\language0). Reported on input line 102.
Package babel Info: Hyphen rules for 'australian' set to \l@ukenglish
(babel)             (\language7). Reported on input line 105.
Package babel Info: Hyphen rules for 'newzealand' set to \l@ukenglish
(babel)             (\language7). Reported on input line 108.
)) (/usr/share/texlive/texmf-dist/tex/latex/tools/tabularx.sty
Package: tabularx 2020/01/15 v2.11c `tabularx' package (DPC)
 (/usr/share/texlive/texmf-dist/tex/latex/tools/array.sty
Package: array 2021/10/04 v2.5f Tabular extension package (FMi)
\col@sep=\dimen150
\ar@mcellbox=\box53
\extrarowheight=\dimen151
\NC@list=\toks23
\extratabsurround=\skip63
\backup@length=\skip64
\ar@cellbox=\box54
)
\TX@col@width=\dimen152
\TX@old@table=\dimen153
\TX@old@col=\dimen154
\TX@target=\dimen155
\TX@delta=\dimen156
\TX@cols=\count301
\TX@ftn=\toks24
) (/usr/share/texlive/texmf-dist/tex/latex/fontawesome5/fontawesome5.sty
Package: fontawesome5 2021/06/04 v5.15.3 Font Awesome 5
 (/usr/share/texlive/texmf-dist/tex/latex/l3packages/xparse/xparse.sty
Package: xparse 2022-01-12 L3 Experimental document command parser
) (/usr/share/texlive/texmf-dist/tex/latex/fontawesome5/fontawesome5-generic-helper.sty
Package: fontawesome5-generic-helper 2021/06/04 v5.15.3 non-uTeX helper for fontawesome5
 (/usr/share/texlive/texmf-dist/tex/latex/fontawesome5/fontawesome5-mapping.def))) (/usr/share/texlive/texmf-dist/tex/latex/graphics/graphicx.sty
Package: graphicx 2021/09/16 v1.2d Enhanced LaTeX Graphics (DPC,SPQR)
 (/usr/share/texlive/texmf-dist/tex/latex/graphics/graphics.sty
Package: graphics 2021/03/04 v1.4d Standard LaTeX Graphics (DPC,SPQR)
 (/usr/share/texlive/texmf-dist/tex/latex/graphics/trig.sty
Package: trig 2021/08/11 v1.11 sin cos tan (DPC)
) (/usr/share/texlive/texmf-dist/tex/latex/graphics-cfg/graphics.cfg
File: graphics.cfg 2016/06/04 v1.11 sample graphics configuration
)
Package graphics Info: Driver file: pdftex.def on input line 107.
)
\Gin@req@height=\dimen157
\Gin@req@width=\dimen158
) (/usr/share/texlive/texmf-dist/tex/latex/tools/multicol.sty
Package: multicol 2021/10/28 v1.9b multicolumn formatting (FMi)
\c@tracingmulticols=\count302
\mult@box=\box55
\multicol@leftmargin=\dimen159
\c@unbalance=\count303
\c@collectmore=\count304
\doublecol@number=\count305
\multicoltolerance=\count306
\multicolpretolerance=\count307
\full@width=\dimen160
\page@free=\dimen161
\premulticols=\dimen162
\postmulticols=\dimen163
\multicolsep=\skip65
\multicolbaselineskip=\skip66
\partial@page=\box56
\last@line=\box57
\maxbalancingoverflow=\dimen164
\mult@rightbox=\box58
\mult@grightbox=\box59
\mult@firstbox=\box60
\mult@gfirstbox=\box61
\@tempa=\box62
\@tempa=\box63
\@tempa=\box64
\@tempa=\box65
\@tempa=\box66
\@tempa=\box67
\@tempa=\box68
\@tempa=\box69
\@tempa=\box70
\@tempa=\box71
\@tempa=\box72
\@tempa=\box73
\@tempa=\box74
\@tempa=\box75
\@tempa=\box76
\@tempa=\box77
\@tempa=\box78
\@tempa=\box79
\@tempa=\box80
\@tempa=\box81
\@tempa=\box82
\@tempa=\box83
\@tempa=\box84
\@tempa=\box85
\@tempa=\box86
\@tempa=\box87
\@tempa=\box88
\@tempa=\box89
\@tempa=\box90
\@tempa=\box91
\@tempa=\box92
\@tempa=\box93
\@tempa=\box94
\@tempa=\box95
\@tempa=\box96
\@tempa=\box97
\c@minrows=\count308
\c@columnbadness=\count309
\c@finalcolumnbadness=\count310
\last@try=\dimen165
\multicolovershoot=\dimen166
\multicolundershoot=\dimen167
\mult@nat@firstbox=\box98
\colbreak@box=\box99
\mc@col@check@num=\count311
) (/usr/share/texlive/texmf-dist/tex/latex/adjustbox/adjustbox.sty
Package: adjustbox 2020/08/19 v1.3 Adjusting TeX boxes (trim, clip, ...)
 (/usr/share/texlive/texmf-dist/tex/latex/xkeyval/xkeyval.sty
Package: xkeyval 2020/11/20 v2.8 package option processing (HA)
 (/usr/share/texlive/texmf-dist/tex/generic/xkeyval/xkeyval.tex (/usr/share/texlive/texmf-dist/tex/generic/xkeyval/xkvutils.tex
\XKV@toks=\toks25
\XKV@tempa@toks=\toks26
)
\XKV@depth=\count312
File: xkeyval.tex 2014/12/03 v2.7a key=value parser (HA)
)) (/usr/share/texlive/texmf-dist/tex/latex/adjustbox/adjcalc.sty
Package: adjcalc 2012/05/16 v1.1 Provides advanced setlength with multiple back-ends (calc, etex, pgfmath)
) (/usr/share/texlive/texmf-dist/tex/latex/adjustbox/trimclip.sty
Package: trimclip 2020/08/19 v1.2 Trim and clip general TeX material
 (/usr/share/texlive/texmf-dist/tex/latex/collectbox/collectbox.sty
Package: collectbox 2012/05/17 v0.4b Collect macro arguments as boxes
\collectedbox=\box100
)
\tc@llx=\dimen168
\tc@lly=\dimen169
\tc@urx=\dimen170
\tc@ury=\dimen171
Package trimclip Info: Using driver 'tc-pdftex.def'.
 (/usr/share/texlive/texmf-dist/tex/latex/adjustbox/tc-pdftex.def
File: tc-pdftex.def 2019/01/04 v2.2 Clipping driver for pdftex
))
\adjbox@Width=\dimen172
\adjbox@Height=\dimen173
\adjbox@Depth=\dimen174
\adjbox@Totalheight=\dimen175
\adjbox@pwidth=\dimen176
\adjbox@pheight=\dimen177
\adjbox@pdepth=\dimen178
\adjbox@ptotalheight=\dimen179
 (/usr/share/texlive/texmf-dist/tex/latex/ifoddpage/ifoddpage.sty
Package: ifoddpage 2016/04/23 v1.1 Conditionals for odd/even page detection
\c@checkoddpage=\count313
) (/usr/share/texlive/texmf-dist/tex/latex/varwidth/varwidth.sty
Package: varwidth 2009/03/30 ver 0.92;  Variable-width minipages
\@vwid@box=\box101
\sift@deathcycles=\count314
\@vwid@loff=\dimen180
\@vwid@roff=\dimen181
)) (/usr/share/texlive/texmf-dist/tex/generic/pdftex/glyphtounicode.tex) (./main.aux)
\openout1 = `main.aux'.

LaTeX Font Info:    Checking defaults for OML/cmm/m/it on input line 136.
LaTeX Font Info:    ... okay on input line 136.
LaTeX Font Info:    Checking defaults for OMS/cmsy/m/n on input line 136.
LaTeX Font Info:    ... okay on input line 136.
LaTeX Font Info:    Checking defaults for OT1/cmr/m/n on input line 136.
LaTeX Font Info:    ... okay on input line 136.
LaTeX Font Info:    Checking defaults for T1/cmr/m/n on input line 136.
LaTeX Font Info:    ... okay on input line 136.
LaTeX Font Info:    Checking defaults for TS1/cmr/m/n on input line 136.
LaTeX Font Info:    ... okay on input line 136.
LaTeX Font Info:    Checking defaults for OMX/cmex/m/n on input line 136.
LaTeX Font Info:    ... okay on input line 136.
LaTeX Font Info:    Checking defaults for U/cmr/m/n on input line 136.
LaTeX Font Info:    ... okay on input line 136.
LaTeX Font Info:    Checking defaults for PD1/pdf/m/n on input line 136.
LaTeX Font Info:    ... okay on input line 136.
LaTeX Font Info:    Checking defaults for PU/pdf/m/n on input line 136.
LaTeX Font Info:    ... okay on input line 136.
 (/usr/share/texlive/texmf-dist/tex/context/base/mkii/supp-pdf.mkii
[Loading MPS to PDF converter (version 2006.09.02).]
\scratchcounter=\count315
\scratchdimen=\dimen182
\scratchbox=\box102
\nofMPsegments=\count316
\nofMParguments=\count317
\everyMPshowfont=\toks27
\MPscratchCnt=\count318
\MPscratchDim=\dimen183
\MPnumerator=\count319
\makeMPintoPDFobject=\count320
\everyMPtoPDFconversion=\toks28
) (/usr/share/texlive/texmf-dist/tex/latex/epstopdf-pkg/epstopdf-base.sty
Package: epstopdf-base 2020-01-24 v2.11 Base part for package epstopdf
Package epstopdf-base Info: Redefining graphics rule for `.eps' on input line 485.
 (/usr/share/texlive/texmf-dist/tex/latex/latexconfig/epstopdf-sys.cfg
File: epstopdf-sys.cfg 2010/07/13 v1.3 Configuration of (r)epstopdf for TeX Live
))
Package hyperref Info: Link coloring ON on input line 136.
 (/usr/share/texlive/texmf-dist/tex/latex/hyperref/nameref.sty
Package: nameref 2021-04-02 v2.47 Cross-referencing by name of section
 (/usr/share/texlive/texmf-dist/tex/latex/refcount/refcount.sty
Package: refcount 2019/12/15 v3.6 Data extraction from label references (HO)
) (/usr/share/texlive/texmf-dist/tex/generic/gettitlestring/gettitlestring.sty
Package: gettitlestring 2019/12/15 v1.6 Cleanup title references (HO)
)
\c@section@level=\count321
)
LaTeX Info: Redefining \ref on input line 136.
LaTeX Info: Redefining \pageref on input line 136.
LaTeX Info: Redefining \nameref on input line 136.
\@outlinefile=\write3
\openout3 = `main.out'.

LaTeX Font Info:    Trying to load font information for U+fontawesomefree2 on input line 137.
 (/usr/share/texlive/texmf-dist/tex/latex/fontawesome5/ufontawesomefree2.fd)

/home/wilmarsepulveda/Desktop/JV's Resume Template/main.tex:137: LaTeX Error: Undefined color `darkgray'.

See the LaTeX manual or LaTeX Companion for explanation.
Type  H <return>  for immediate help.
 ...                                              
                                                  
l.137 \titlesection
                   
You're in trouble here.  Try typing  <return>  to proceed.
If that doesn't work, type  X <return>  to quit.

LaTeX Font Info:    Trying to load font information for U+fontawesomefree1 on input line 137.
(/usr/share/texlive/texmf-dist/tex/latex/fontawesome5/ufontawesomefree1.fd)

/home/wilmarsepulveda/Desktop/JV's Resume Template/main.tex:137: LaTeX Error: Undefined color `darkgray'.

See the LaTeX manual or LaTeX Companion for explanation.
Type  H <return>  for immediate help.
 ...                                              
                                                  
l.137 \titlesection
                   
You're in trouble here.  Try typing  <return>  to proceed.
If that doesn't work, type  X <return>  to quit.

LaTeX Font Info:    Trying to load font information for U+fontawesomebrands0 on input line 137.
(/usr/share/texlive/texmf-dist/tex/latex/fontawesome5/ufontawesomebrands0.fd)
LaTeX Font Info:    Font shape `U/fontawesomebrands0/solid/n' in size <10> not available
(Font)              Font shape `U/fontawesomebrands0/regular/n' tried instead on input line 137.


/home/wilmarsepulveda/Desktop/JV's Resume Template/main.tex:137: LaTeX Error: Undefined color `darkgray'.

See the LaTeX manual or LaTeX Companion for explanation.
Type  H <return>  for immediate help.
 ...                                              
                                                  
l.137 \titlesection
                   
You're in trouble here.  Try typing  <return>  to proceed.
If that doesn't work, type  X <return>  to quit.


LaTeX Font Warning: Font shape `OT1/cmr/bx/sc' undefined
(Font)              using `OT1/cmr/bx/n' instead on input line 138.

LaTeX Font Info:    External font `cmex10' loaded for size
(Font)              <10.95> on input line 147.
LaTeX Font Info:    External font `cmex10' loaded for size
(Font)              <8> on input line 147.
LaTeX Font Info:    External font `cmex10' loaded for size
(Font)              <6> on input line 147.
LaTeX Font Info:    Trying to load font information for U+lasy on input line 147.
(/usr/share/texlive/texmf-dist/tex/latex/base/ulasy.fd
File: ulasy.fd 1998/08/17 v2.2e LaTeX symbol font definitions
)

/home/wilmarsepulveda/Desktop/JV's Resume Template/main.tex:163: LaTeX Error: Undefined color `darkgray'.

See the LaTeX manual or LaTeX Companion for explanation.
Type  H <return>  for immediate help.
 ...                                              
                                                  
l.163         \renderExp{R52}
                             
You're in trouble here.  Try typing  <return>  to proceed.
If that doesn't work, type  X <return>  to quit.

LaTeX Font Info:    External font `cmex10' loaded for size
(Font)              <5> on input line 163.
LaTeX Font Info:    External font `cmex10' loaded for size
(Font)              <7> on input line 163.

Package hyperref Warning: Suppressing link with empty target on input line 164.


Package fancyhdr Warning: \footskip is too small (0.0pt): 
(fancyhdr)                Make it at least 4.08003pt, for example:
(fancyhdr)                \setlength{\footskip}{4.08003pt}.

[1

{/var/lib/texmf/fonts/map/pdftex/updmap/pdftex.map}]
<logos/python.png, id=25, 2055.68pt x 2055.68pt>
File: logos/python.png Graphic file (type png)
<use logos/python.png>
Package pdftex.def Info: logos/python.png  used on input line 191.
(pdftex.def)             Requested size: 41.12227pt x 41.12227pt.
<logos/git.png, id=27, 659.46375pt x 381.425pt>
File: logos/git.png Graphic file (type png)
<use logos/git.png>
Package pdftex.def Info: logos/git.png  used on input line 192.
(pdftex.def)             Requested size: 65.95023pt x 38.14473pt.

Overfull \hbox (10.37119pt too wide) in paragraph at lines 192--192
 [][] 
 []

<logos/AirflowLogo.png, id=28, 454.69875pt x 175.65625pt>
File: logos/AirflowLogo.png Graphic file (type png)
<use logos/AirflowLogo.png>
Package pdftex.def Info: logos/AirflowLogo.png  used on input line 193.
(pdftex.def)             Requested size: 68.20186pt x 26.34729pt.

Overfull \hbox (12.62282pt too wide) in paragraph at lines 193--193
 [][] 
 []

<logos/aws.png, id=29, 289.08pt x 175.65625pt>
File: logos/aws.png Graphic file (type png)
<use logos/aws.png>
Package pdftex.def Info: logos/aws.png  used on input line 194.
(pdftex.def)             Requested size: 57.81497pt x 35.13062pt.

Overfull \hbox (2.23593pt too wide) in paragraph at lines 194--194
 [][] 
 []

<logos/dvc.png, id=30, 250.9375pt x 250.9375pt>
File: logos/dvc.png Graphic file (type png)
<use logos/dvc.png>
Package pdftex.def Info: logos/dvc.png  used on input line 195.
(pdftex.def)             Requested size: 50.1866pt x 50.1866pt.
<logos/linux.jpg, id=31, 422.57875pt x 501.875pt>
File: logos/linux.jpg Graphic file (type jpg)
<use logos/linux.jpg>
Package pdftex.def Info: logos/linux.jpg  used on input line 196.
(pdftex.def)             Requested size: 42.26035pt x 50.19043pt.
<logos/docker.png, id=32, 3854.4pt x 2168.1pt>
File: logos/docker.png Graphic file (type png)
<use logos/docker.png>
Package pdftex.def Info: logos/docker.png  used on input line 198.
(pdftex.def)             Requested size: 77.10428pt x 43.37115pt.

Overfull \hbox (21.52524pt too wide) in paragraph at lines 198--198
 [][] 
 []

<logos/postgres.png, id=33, 542.025pt x 559.08875pt>
File: logos/postgres.png Graphic file (type png)
<use logos/postgres.png>
Package pdftex.def Info: logos/postgres.png  used on input line 199.
(pdftex.def)             Requested size: 27.10283pt x 27.95607pt.
<logos/r.png, id=34, 1284.8pt x 995.72pt>
File: logos/r.png Graphic file (type png)
<use logos/r.png>
Package pdftex.def Info: logos/r.png  used on input line 200.
(pdftex.def)             Requested size: 38.54233pt x 29.8703pt.
<logos/jenkins.jpg, id=35, 869.2475pt x 652.4375pt>
File: logos/jenkins.jpg Graphic file (type jpg)
<use logos/jenkins.jpg>
Package pdftex.def Info: logos/jenkins.jpg  used on input line 201.
(pdftex.def)             Requested size: 52.15259pt x 39.14455pt.
<logos/fastapi.png, id=36, 1274.69328pt x 459.78673pt>
File: logos/fastapi.png Graphic file (type png)
<use logos/fastapi.png>
Package pdftex.def Info: logos/fastapi.png  used on input line 202.
(pdftex.def)             Requested size: 76.47829pt x 27.586pt.

Overfull \hbox (20.89925pt too wide) in paragraph at lines 202--202
 [][] 
 []


/home/wilmarsepulveda/Desktop/JV's Resume Template/main.tex:218: LaTeX Error: Undefined color `darkgray'.

See the LaTeX manual or LaTeX Companion for explanation.
Type  H <return>  for immediate help.
 ...                                              
                                                  
l.218     \renderHck{scrapper}
                              
You're in trouble here.  Try typing  <return>  to proceed.
If that doesn't work, type  X <return>  to quit.


Overfull \hbox (0.55968pt too wide) in paragraph at lines 218--218
[]  
 []


/home/wilmarsepulveda/Desktop/JV's Resume Template/main.tex:218: LaTeX Error: Something's wrong--perhaps a missing \item.

See the LaTeX manual or LaTeX Companion for explanation.
Type  H <return>  for immediate help.
 ...                                              
                                                  
l.218     \renderHck{scrapper}
                              
Try typing  <return>  to proceed.
If that doesn't work, type  X <return>  to quit.


/home/wilmarsepulveda/Desktop/JV's Resume Template/main.tex:220: LaTeX Error: Undefined color `darkgray'.

See the LaTeX manual or LaTeX Companion for explanation.
Type  H <return>  for immediate help.
 ...                                              
                                                  
l.220     \renderHck{itseries}
                              
You're in trouble here.  Try typing  <return>  to proceed.
If that doesn't work, type  X <return>  to quit.


Overfull \hbox (0.55968pt too wide) in paragraph at lines 220--220
[]  
 []


/home/wilmarsepulveda/Desktop/JV's Resume Template/main.tex:220: LaTeX Error: Something's wrong--perhaps a missing \item.

See the LaTeX manual or LaTeX Companion for explanation.
Type  H <return>  for immediate help.
 ...                                              
                                                  
l.220     \renderHck{itseries}
                              
Try typing  <return>  to proceed.
If that doesn't work, type  X <return>  to quit.


/home/wilmarsepulveda/Desktop/JV's Resume Template/main.tex:222: LaTeX Error: Undefined color `darkgray'.

See the LaTeX manual or LaTeX Companion for explanation.
Type  H <return>  for immediate help.
 ...                                              
                                                  
l.222     \renderHck{cluster}
                             
You're in trouble here.  Try typing  <return>  to proceed.
If that doesn't work, type  X <return>  to quit.


Overfull \hbox (0.55968pt too wide) in paragraph at lines 222--222
[]  
 []


/home/wilmarsepulveda/Desktop/JV's Resume Template/main.tex:222: LaTeX Error: Something's wrong--perhaps a missing \item.

See the LaTeX manual or LaTeX Companion for explanation.
Type  H <return>  for immediate help.
 ...                                              
                                                  
l.222     \renderHck{cluster}
                             
Try typing  <return>  to proceed.
If that doesn't work, type  X <return>  to quit.


Package fancyhdr Warning: \footskip is too small (0.0pt): 
(fancyhdr)                Make it at least 4.08003pt, for example:
(fancyhdr)                \setlength{\footskip}{4.08003pt}.

[2 <./logos/python.png> <./logos/git.png> <./logos/AirflowLogo.png> <./logos/aws.png> <./logos/dvc.png> <./logos/linux.jpg> <./logos/docker.png> <./logos/postgres.png> <./logos/r.png> <./logos/jenkins.jpg> <./logos/fastapi.png>] (./main.aux)

LaTeX Font Warning: Some font shapes were not available, defaults substituted.


Package rerunfilecheck Warning: File `main.out' has changed.
(rerunfilecheck)                Rerun to get outlines right
(rerunfilecheck)                or use package `bookmark'.

Package rerunfilecheck Info: Checksums for `main.out':
(rerunfilecheck)             Before: <no file>
(rerunfilecheck)             After:  15031028ABB16FF9A599302A9FE08B45;762.
 ) 
Here is how much of TeX's memory you used:
 16015 strings out of 478287
 280916 string characters out of 5849290
 673700 words of memory out of 5000000
 33963 multiletter control sequences out of 15000+600000
 476388 words of font info for 55 fonts, out of 8000000 for 9000
 1141 hyphenation exceptions out of 8191
 73i,11n,80p,542b,344s stack positions out of 5000i,500n,10000p,200000b,80000s
{/usr/share/texlive/texmf-dist/fonts/enc/dvips/fontawesome5/fa5brands0.enc}{/usr/share/texlive/texmf-dist/fonts/enc/dvips/fontawesome5/fa5free1.enc}{/usr/share/texlive/texmf-dist/fonts/enc/dvips/fontawesome5/fa5free2.enc}</usr/share/texlive/texmf-dist/fonts/type1/public/fontawesome5/FontAwesome5Brands-Regular.pfb></usr/share/texlive/texmf-dist/fonts/type1/public/fontawesome5/FontAwesome5Free-Solid.pfb></usr/share/texlive/texmf-dist/fonts/type1/public/amsfonts/cm/cmbx10.pfb></usr/share/texlive/texmf-dist/fonts/type1/public/amsfonts/cm/cmbx12.pfb></usr/share/texlive/texmf-dist/fonts/type1/public/amsfonts/cm/cmcsc10.pfb></usr/share/texlive/texmf-dist/fonts/type1/public/amsfonts/cm/cmr10.pfb></usr/share/texlive/texmf-dist/fonts/type1/public/amsfonts/cm/cmsy10.pfb></usr/share/texlive/texmf-dist/fonts/type1/public/amsfonts/cm/cmsy6.pfb></usr/share/texlive/texmf-dist/fonts/type1/public/amsfonts/cm/cmti10.pfb>
Output written on main.pdf (2 pages, 729843 bytes).
PDF statistics:
 104 PDF objects out of 1000 (max. 8388607)
 60 compressed objects within 1 object stream
 9 named destinations out of 1000 (max. 500000)
 56 words of extra memory for PDF output out of 10000 (max. 10000000)

